<?xml version="1.0" encoding="UTF-8"?>
<testng-results ignored="0" total="1" passed="1" failed="0" skipped="0">
  <reporter-output>
  </reporter-output>
  <suite started-at="2023-12-09T12:22:00 IST" name="Default suite" finished-at="2023-12-09T12:22:04 IST" duration-ms="4579">
    <groups>
    </groups>
    <test started-at="2023-12-09T12:22:00 IST" name="Default test" finished-at="2023-12-09T12:22:04 IST" duration-ms="4579">
      <class name="com.SauceDemoProjectTestClasses.TC05CheckoutFunctinality">
        <test-method is-config="true" signature="setUp()[pri:0, instance:com.SauceDemoProjectTestClasses.TC05CheckoutFunctinality@212b5695]" started-at="2023-12-09T12:22:00 IST" name="setUp" finished-at="2023-12-09T12:22:03 IST" duration-ms="3608" status="PASS">
          <reporter-output>
          </reporter-output>
        </test-method> <!-- setUp -->
        <test-method signature="verifyCheckoutFunctionality()[pri:0, instance:com.SauceDemoProjectTestClasses.TC05CheckoutFunctinality@212b5695]" started-at="2023-12-09T12:22:03 IST" name="verifyCheckoutFunctionality" finished-at="2023-12-09T12:22:04 IST" duration-ms="581" status="PASS">
          <reporter-output>
          </reporter-output>
        </test-method> <!-- verifyCheckoutFunctionality -->
        <test-method is-config="true" signature="teardown()[pri:0, instance:com.SauceDemoProjectTestClasses.TC05CheckoutFunctinality@212b5695]" started-at="2023-12-09T12:22:04 IST" name="teardown" finished-at="2023-12-09T12:22:04 IST" duration-ms="354" status="PASS">
          <reporter-output>
          </reporter-output>
        </test-method> <!-- teardown -->
      </class> <!-- com.SauceDemoProjectTestClasses.TC05CheckoutFunctinality -->
    </test> <!-- Default test -->
  </suite> <!-- Default suite -->
</testng-results>
